Arguments: 
  D:\Software\nodejs\node.exe D:\Software\yarn\bin\yarn.js add jque

PATH: 
  D:\Software\cmder\vendor\git-for-windows\mingw64\bin;D:\Software\cmder\vendor\git-for-windows\usr\bin;C:\Users\FZH\bin;C:\Python310\Scripts;C:\Python310;G:\mysql-5.7.32-winx64\bin;C:\WINDOWS\system32 w10zj.com;C:\WINDOWS;C:\Windows\System32;C:\WINDOWS\System32\Wbem;C:\WINDOWS\System32\WindowsPowerShell\v1.0;C:\Program Files\NVIDIA Corporation\NVIDIA NvDLISR;D:\Software\nodejs;C:\ProgramData\chocolatey\bin;D:\Software\yarn\bin;C:\Windows\System32;C:\Users\FZH\AppData\Local\Programs\Python\Python39\Scripts;C:\Users\FZH\AppData\Local\Programs\Python\Python39;C:\Users\FZH\AppData\Local\Programs\Microsoft VS Code\bin;C:\Program Files\Bandizip;G:\QQ游戏\QQGameTempest\Hall.57734;C:\Program Files\nodejs;C:\Program Files\nodejs\node_global;C:\Users\FZH\AppData\Roaming\npm;C:\Users\FZH\AppData\Local\Yarn\bin

Yarn version: 
  1.22.5

Node version: 
  16.14.0

Platform: 
  win32 x64

Trace: 
  Error: https://registry.npmmirror.com/jque: [NOT_FOUND] jque not found
      at Request.params.callback [as _callback] (D:\Software\yarn\lib\cli.js:66097:18)
      at Request.self.callback (D:\Software\yarn\lib\cli.js:140749:22)
      at Request.emit (node:events:520:28)
      at Request.<anonymous> (D:\Software\yarn\lib\cli.js:141721:10)
      at Request.emit (node:events:520:28)
      at Gunzip.<anonymous> (D:\Software\yarn\lib\cli.js:141643:12)
      at Object.onceWrapper (node:events:639:28)
      at Gunzip.emit (node:events:520:28)
      at endReadableNT (node:internal/streams/readable:1346:12)
      at processTicksAndRejections (node:internal/process/task_queues:83:21)

npm manifest: 
  {
    "name": "mvc-demo-1",
    "version": "1.0.0",
    "main": "index.js",
    "license": "MIT",
    "dependencies": {
      "jquery": "3.4.1"
    }
  }

yarn manifest: 
  No manifest

Lockfile: 
  # THIS IS AN AUTOGENERATED FILE. DO NOT EDIT THIS FILE DIRECTLY.
  # yarn lockfile v1
  
  
  jquery@3.4.1:
    version "3.4.1"
    resolved "https://registry.npmmirror.com/jquery/-/jquery-3.4.1.tgz#714f1f8d9dde4bdfa55764ba37ef214630d80ef2"
    integrity sha512-36+AdBzCL+y6qjw5Tx7HgzeGCzC81MDDgaUP8ld2zhx58HdqXGoBd+tHdrBMiyjGQs0Hxs/MLZTu/eHNJJuWPw==
